Jun 17 01:47:43 Installed: rsync-3.1.2-4.el7.x86_64
Jun 17 02:10:16 Installed: epel-release-7-11.noarch
Jun 17 02:17:17 Installed: ruby-libs-2.0.0.648-33.el7_4.x86_64
Jun 17 02:17:18 Installed: libyaml-0.1.4-11.el7_0.x86_64
Jun 17 02:17:18 Installed: ruby-msgpack-0.6.2-1.el7.centos.x86_64
Jun 17 02:17:18 Installed: libconfig-1.4.9-5.el7.x86_64
Jun 17 02:17:18 Installed: lmdb-libs-0.9.18-1.el7.x86_64
Jun 17 02:17:18 Installed: wyajl-2.0.4+w3-1.el7.centos.x86_64
Jun 17 02:17:18 Installed: wallarm-collectd-5.4.1-12.el7.centos.x86_64
Jun 17 02:17:18 Installed: lmdb-0.9.18-1.el7.x86_64
Jun 17 02:17:18 Installed: libbrotli-1.0.2-wallarm5.x86_64
Jun 17 02:17:18 Installed: python2-msgpack-0.5.1-1.el7.x86_64
Jun 17 02:17:18 Installed: libdetection1-1.0.0-2.x86_64
Jun 17 02:17:18 Installed: python-tarantool16-0.5.1-1.el7.centos.noarch
Jun 17 02:17:18 Installed: libwacl-1.0.3-1.x86_64
Jun 17 02:17:18 Installed: ruby-tarantool16-0.0.7-1.el7.centos.noarch
Jun 17 02:17:19 Installed: rubygem-psych-2.0.0-33.el7_4.x86_64
Jun 17 02:17:19 Installed: rubygem-io-console-0.4.2-33.el7_4.x86_64
Jun 17 02:17:19 Installed: rubygem-json-1.7.7-33.el7_4.x86_64
Jun 17 02:17:19 Installed: ruby-2.0.0.648-33.el7_4.x86_64
Jun 17 02:17:19 Installed: ruby-irb-2.0.0.648-33.el7_4.noarch
Jun 17 02:17:19 Installed: rubygem-bigdecimal-1.2.0-33.el7_4.x86_64
Jun 17 02:17:19 Installed: rubygems-2.0.14.1-33.el7_4.noarch
Jun 17 02:17:19 Installed: rubygem-rdoc-4.0.0-33.el7_4.noarch
Jun 17 02:17:19 Installed: rubygem-netrc-0.7.7-3.el7.noarch
Jun 17 02:17:19 Installed: rubygem-highline-1.6.11-5.el7.noarch
Jun 17 02:17:19 Installed: rubygem-mime-types-1.19-3.el7.noarch
Jun 17 02:17:19 Installed: rubygem-rest-client-1.6.7-4.el7.noarch
Jun 17 02:17:19 Installed: PyYAML-3.10-11.el7.x86_64
Jun 17 02:17:19 Installed: ruby-murmurhash3-0.1.4-3.el7.centos.x86_64
Jun 17 02:17:20 Installed: checkpolicy-2.5-6.el7.x86_64
Jun 17 02:17:20 Installed: libtws-0.0.3-1.x86_64
Jun 17 02:17:20 Installed: 1:make-3.82-23.el7.x86_64
Jun 17 02:17:20 Installed: 1:openssl-1.0.2k-12.el7.x86_64
Jun 17 02:17:20 Installed: libesmtp-1.0.6-7.el7.x86_64
Jun 17 02:17:20 Installed: wallarm-collectd-notify_email-5.4.1-12.el7.centos.x86_64
Jun 17 02:17:20 Installed: wpire-0.0.5.git20160608+20160725-1.x86_64
Jun 17 02:17:20 Installed: libcpire-0.4.0-1.x86_64
Jun 17 02:17:20 Installed: libwlog-1.1.0-1.x86_64
Jun 17 02:17:20 Installed: ruby-parser-generator-0.3.3-1.el7.centos.noarch
Jun 17 02:17:20 Installed: 2:libunwind-1.2-2.el7.x86_64
Jun 17 02:17:21 Installed: libicu-50.1.2-15.el7.x86_64
Jun 17 02:17:23 Installed: tarantool-1.9.1.16-1.el7.centos.x86_64
Jun 17 02:17:23 Installed: audit-libs-python-2.8.1-3.el7.x86_64
Jun 17 02:17:23 Installed: libparserutils-0.2.3-4.x86_64
Jun 17 02:17:23 Installed: libhubbub-0.3.3+wallarm1-2.x86_64
Jun 17 02:17:23 Installed: libproton28-2.8.4-1.x86_64
Jun 17 02:17:23 Installed: nginx-wallarm-2.8.2-1.el7.x86_64
Jun 17 02:17:23 Installed: ruby-proton-2.8.4-1.x86_64
Jun 17 02:17:23 Installed: ruby-thread-0.1.4+20140502+7e91ca4-1.el7.centos.noarch
Jun 17 02:17:23 Installed: ruby-wallarm-api-2.8.6-1.el7.noarch
Jun 17 02:17:23 Installed: libcgroup-0.41-15.el7.x86_64
Jun 17 02:17:23 Installed: python-IPy-0.75-6.el7.noarch
Jun 17 02:17:23 Installed: python-nscang-1.2-1.el7.centos.x86_64
Jun 17 02:17:23 Installed: nagios-common-4.3.4-5.el7.x86_64
Jun 17 02:17:23 Installed: nagios-plugins-2.2.1-9git5c7eb5b9.el7.x86_64
Jun 17 02:17:24 Installed: libmcrypt-2.5.8-13.el7.x86_64
Jun 17 02:17:24 Installed: python-mcrypt-1.1-1.el7.centos.x86_64
Jun 17 02:17:24 Installed: yajl-2.0.4-4.el7.x86_64
Jun 17 02:17:24 Installed: wallarm-collectd-curl_json-5.4.1-12.el7.centos.x86_64
Jun 17 02:17:24 Installed: ruby-hashie-2.0.5-1.el7.centos.noarch
Jun 17 02:17:24 Installed: wallarm-common-2.8.6-1.el7.noarch
Jun 17 02:17:24 Installed: wallarm-tarantool-1.10.7-1.el7.x86_64
Jun 17 02:17:24 Installed: libtommath-0.42.0-6.el7.x86_64
Jun 17 02:17:24 Installed: libtomcrypt-1.17-26.el7.x86_64
Jun 17 02:17:24 Installed: python2-crypto-2.6.1-15.el7.x86_64
Jun 17 02:17:25 Installed: python-pynsca-1.6a+fbe7965-1.el7.centos.noarch
Jun 17 02:17:25 Installed: setools-libs-3.3.8-2.el7.x86_64
Jun 17 02:17:25 Installed: libsemanage-python-2.5-11.el7.x86_64
Jun 17 02:17:25 Installed: policycoreutils-python-2.5-22.el7.x86_64
Jun 17 02:17:25 Installed: wallarm-monitoring-2.8.6-1.el7.noarch
Jun 17 02:17:25 Installed: wallarm-node-tarantool-2.8.6-1.el7.noarch
Jun 17 02:17:25 Installed: wallarm-node-nginx-2.8.6-1.el7.noarch
Jun 17 02:17:25 Installed: wallarm-node-2.8.6-1.el7.noarch
Jul 30 15:47:51 Updated: nspr-4.19.0-1.el7_5.x86_64
Jul 30 15:47:51 Updated: nss-util-3.36.0-1.el7_5.x86_64
Jul 30 15:47:51 Updated: libgcc-4.8.5-28.el7_5.1.x86_64
Jul 30 15:47:51 Updated: libcom_err-1.42.9-12.el7_5.x86_64
Jul 30 15:47:52 Updated: libstdc++-4.8.5-28.el7_5.1.x86_64
Jul 30 15:47:54 Updated: python-libs-2.7.5-69.el7_5.x86_64
Jul 30 15:47:54 Updated: python-2.7.5-69.el7_5.x86_64
Jul 30 15:47:54 Updated: wpire-0.0.5.git20180504-1.x86_64
Jul 30 15:47:54 Updated: libcpire-0.4.0-2.x86_64
Jul 30 15:47:55 Updated: libproton28-2.8.6-1.x86_64
Jul 30 15:47:55 Updated: libss-1.42.9-12.el7_5.x86_64
Jul 30 15:47:55 Updated: e2fsprogs-libs-1.42.9-12.el7_5.x86_64
Jul 30 15:47:55 Updated: nss-softokn-freebl-3.36.0-5.el7_5.x86_64
Jul 30 15:47:55 Updated: nss-softokn-3.36.0-5.el7_5.x86_64
Jul 30 15:47:55 Updated: nss-3.36.0-5.el7_5.x86_64
Jul 30 15:47:55 Updated: nss-sysinit-3.36.0-5.el7_5.x86_64
Jul 30 15:47:56 Updated: 1:NetworkManager-libnm-1.10.2-16.el7_5.x86_64
Jul 30 15:47:56 Updated: 1:NetworkManager-1.10.2-16.el7_5.x86_64
Jul 30 15:47:56 Updated: nss-tools-3.36.0-5.el7_5.x86_64
Jul 30 15:47:56 Updated: openldap-2.4.44-15.el7_5.x86_64
Jul 30 15:47:56 Updated: 12:dhcp-libs-4.2.5-68.el7.centos.1.x86_64
Jul 30 15:47:56 Updated: 12:dhcp-common-4.2.5-68.el7.centos.1.x86_64
Jul 30 15:47:56 Updated: centos-release-7-5.1804.el7.centos.2.x86_64
Jul 30 15:47:57 Updated: kernel-tools-libs-3.10.0-862.9.1.el7.x86_64
Jul 30 15:47:57 Updated: ruby-msgpack-1.1.0-3.el7.x86_64
Jul 30 15:47:57 Updated: selinux-policy-3.13.1-192.el7_5.4.noarch
Jul 30 15:48:07 Updated: linux-firmware-20180220-62.2.git6d51311.el7_5.noarch
Jul 30 15:48:11 Installed: kernel-3.10.0-862.9.1.el7.x86_64
Jul 30 15:48:14 Updated: selinux-policy-targeted-3.13.1-192.el7_5.4.noarch
Jul 30 15:48:14 Updated: ruby-proton-2.8.6-1.x86_64
Jul 30 15:48:14 Updated: kernel-tools-3.10.0-862.9.1.el7.x86_64
Jul 30 15:48:14 Updated: 12:dhclient-4.2.5-68.el7.centos.1.x86_64
Jul 30 15:48:14 Updated: sudo-1.8.19p2-14.el7_5.x86_64
Jul 30 15:48:15 Updated: gnupg2-2.0.22-5.el7_5.x86_64
Jul 30 15:48:15 Updated: 1:NetworkManager-tui-1.10.2-16.el7_5.x86_64
Jul 30 15:48:15 Updated: 1:NetworkManager-team-1.10.2-16.el7_5.x86_64
Jul 30 15:48:15 Updated: e2fsprogs-1.42.9-12.el7_5.x86_64
Jul 30 15:48:32 Updated: nginx-wallarm-2.8.5-1.el7.x86_64
Jul 30 15:48:32 Updated: python-perf-3.10.0-862.9.1.el7.x86_64
Jul 30 15:48:32 Updated: python2-msgpack-0.5.6-2.el7.x86_64
Jul 30 15:48:32 Updated: krb5-libs-1.15.1-19.el7.x86_64
Jul 30 15:48:33 Updated: rsyslog-8.24.0-16.el7_5.4.x86_64
Jul 30 15:48:33 Updated: iwl6000g2a-firmware-17.168.5.3-62.2.el7_5.noarch
Jul 30 15:48:33 Updated: iwl5000-firmware-8.83.5.1_1-62.2.el7_5.noarch
Jul 30 15:48:33 Updated: iwl135-firmware-18.168.6.1-62.2.el7_5.noarch
Jul 30 15:48:33 Updated: iwl6050-firmware-41.28.5.1-62.2.el7_5.noarch
Jul 30 15:48:33 Updated: iwl7260-firmware-22.0.7.0-62.2.el7_5.noarch
Jul 30 15:48:34 Updated: 2:microcode_ctl-2.1-29.2.el7_5.x86_64
Jul 30 15:48:34 Updated: iwl2000-firmware-18.168.6.1-62.2.el7_5.noarch
Jul 30 15:48:34 Updated: procps-ng-3.3.10-17.el7_5.2.x86_64
Jul 30 15:48:35 Updated: binutils-2.27-28.base.el7_5.1.x86_64
Jul 30 15:48:35 Updated: iwl3945-firmware-15.32.2.9-62.2.el7_5.noarch
Jul 30 15:48:35 Updated: iwl6000g2b-firmware-17.168.5.2-62.2.el7_5.noarch
Jul 30 15:48:36 Updated: iwl3160-firmware-22.0.7.0-62.2.el7_5.noarch
Jul 30 15:48:36 Updated: iwl5150-firmware-8.24.2.2-62.2.el7_5.noarch
Jul 30 15:48:36 Updated: iwl100-firmware-39.31.5.1-62.2.el7_5.noarch
Jul 30 15:48:36 Updated: 1:iwl1000-firmware-39.31.5.1-62.2.el7_5.noarch
Jul 30 15:48:37 Updated: tzdata-2018e-3.el7.noarch
Jul 30 15:48:38 Updated: ca-certificates-2018.2.22-70.0.el7_5.noarch
Jul 30 15:48:38 Updated: libgomp-4.8.5-28.el7_5.1.x86_64
Jul 30 15:48:38 Updated: iwl6000-firmware-9.221.4.1-62.2.el7_5.noarch
Jul 30 15:48:38 Updated: iwl105-firmware-18.168.6.1-62.2.el7_5.noarch
Jul 30 15:48:39 Updated: iptables-1.4.21-24.1.el7_5.x86_64
Jul 30 15:48:39 Updated: iwl2030-firmware-18.168.6.1-62.2.el7_5.noarch
Jul 30 15:48:39 Updated: iwl4965-firmware-228.61.2.24-62.2.el7_5.noarch
Jul 30 15:48:41 Updated: iwl7265-firmware-22.0.7.0-62.2.el7_5.noarch
Jul 31 09:09:48 Installed: mpfr-3.1.1-4.el7.x86_64
Jul 31 09:09:49 Installed: libmpc-1.0.1-3.el7.x86_64
Jul 31 09:09:50 Installed: cpp-4.8.5-28.el7_5.1.x86_64
Jul 31 09:09:50 Installed: keyutils-libs-devel-1.5.8-3.el7.x86_64
Jul 31 09:09:50 Installed: libsepol-devel-2.5-8.1.el7.x86_64
Jul 31 09:09:50 Installed: libcom_err-devel-1.42.9-12.el7_5.x86_64
Jul 31 09:09:50 Installed: libkadm5-1.15.1-19.el7.x86_64
Jul 31 09:09:50 Installed: pcre-devel-8.32-17.el7.x86_64
Jul 31 09:09:50 Installed: libselinux-devel-2.5-12.el7.x86_64
Jul 31 09:09:50 Installed: libverto-devel-0.2.5-4.el7.x86_64
Jul 31 09:09:51 Installed: krb5-devel-1.15.1-19.el7.x86_64
Jul 31 09:09:51 Installed: kernel-headers-3.10.0-862.9.1.el7.x86_64
Jul 31 09:09:52 Installed: glibc-headers-2.17-222.el7.x86_64
Jul 31 09:09:52 Installed: glibc-devel-2.17-222.el7.x86_64
Jul 31 09:09:52 Installed: zlib-devel-1.2.7-17.el7.x86_64
Jul 31 09:09:53 Installed: 1:openssl-devel-1.0.2k-12.el7.x86_64
Jul 31 09:09:55 Installed: gcc-4.8.5-28.el7_5.1.x86_64
Jul 31 09:09:55 Installed: bc-1.06.95-13.el7.x86_64
Jul 31 10:45:51 Installed: elfutils-libelf-devel-0.170-4.el7.x86_64
Jul 31 12:32:08 Installed: drbd84-utils-9.3.1-1.el7.elrepo.x86_64
Jul 31 12:33:50 Installed: kmod-drbd84-8.4.11-1.el7_5.elrepo.x86_64
Jul 31 13:44:40 Installed: kernel-devel-3.10.0-862.9.1.el7.x86_64
Jul 31 13:46:32 Installed: m4-1.4.16-10.el7.x86_64
Jul 31 13:46:32 Installed: bison-3.0.4-1.el7.x86_64
Jul 31 13:48:07 Installed: flex-2.5.37-3.el7.x86_64
Aug 01 10:04:31 Installed: ncurses-devel-5.9-14.20130511.el7_4.x86_64
Aug 01 12:30:44 Installed: screen-4.1.0-0.25.20120314git3c2946.el7.x86_64
Aug 01 12:32:54 Installed: perl-srpm-macros-1-8.el7.noarch
Aug 01 12:32:54 Installed: dwz-0.11-3.el7.x86_64
Aug 01 12:32:54 Installed: unzip-6.0-19.el7.x86_64
Aug 01 12:32:54 Installed: patch-2.7.1-10.el7_5.x86_64
Aug 01 12:32:55 Installed: gdb-7.6.1-110.el7.x86_64
Aug 01 12:32:55 Installed: elfutils-0.170-4.el7.x86_64
Aug 01 12:32:55 Installed: perl-Thread-Queue-3.02-2.el7.noarch
Aug 01 12:32:55 Installed: zip-3.0-11.el7.x86_64
Aug 01 12:32:55 Installed: redhat-rpm-config-9.1.0-80.el7.centos.noarch
Aug 01 12:32:55 Installed: bzip2-1.0.6-13.el7.x86_64
Aug 01 12:32:55 Installed: rpm-build-4.11.3-32.el7.x86_64
